Using pre-set license
Built from '2020.3/staging' branch; Version is '2020.3.8f1 (507919d4fff5) revision 5273881'; Using compiler version '192528614'; Build Type 'Release'
OS: 'Windows 10 Home Single Language; OS build 19043.1415; Version 2009; 64bit' Language: 'pt' Physical Memory: 8067 MB
BatchMode: 1, IsHumanControllingUs: 0, StartBugReporterOnCrash: 0, Is64bit: 1, IsPro: 0

 COMMAND LINE ARGUMENTS:
C:\Program Files\Unity\Hub\Editor\2020.3.8f1\Editor\Unity.exe
-adb2
-batchMode
-noUpm
-name
AssetImportWorker0
-projectPath
C:/Users/55249/Downloads/JC-Objeto4
-logFile
Logs/AssetImportWorker0.log
-srvPort
55029
Successfully changed project path to: C:/Users/55249/Downloads/JC-Objeto4
C:/Users/55249/Downloads/JC-Objeto4
Using Asset Import Pipeline V2.
Refreshing native plugins compatible for Editor in 100.19 ms, found 0 plugins.
Preloading 0 native plugins for Editor in 0.00 ms.
Initialize engine version: 2020.3.8f1 (507919d4fff5)
[Subsystems] Discovering subsystems at path C:/Program Files/Unity/Hub/Editor/2020.3.8f1/Editor/Data/Resources/UnitySubsystems
[Subsystems] Discovering subsystems at path C:/Users/55249/Downloads/JC-Objeto4/Assets
GfxDevice: creating device client; threaded=0
Direct3D:
    Version:  Direct3D 11.0 [level 11.0]
    Renderer: NVIDIA GeForce 940MX (ID=0x134d)
    Vendor:   
    VRAM:     2010 MB
    Driver:   30.0.14.7212
Initialize mono
Mono path[0] = 'C:/Program Files/Unity/Hub/Editor/2020.3.8f1/Editor/Data/Managed'
Mono path[1] = 'C:/Program Files/Unity/Hub/Editor/2020.3.8f1/Editor/Data/MonoBleedingEdge/lib/mono/unityjit'
Mono config path = 'C:/Program Files/Unity/Hub/Editor/2020.3.8f1/Editor/Data/MonoBleedingEdge/etc'
Using monoOptions --debugger-agent=transport=dt_socket,embedding=1,server=y,suspend=n,address=127.0.0.1:56272
Begin MonoManager ReloadAssembly
Registering precompiled unity dll's ...
Register platform support module: C:/Program Files/Unity/Hub/Editor/2020.3.8f1/Editor/Data/PlaybackEngines/WindowsStandaloneSupport/UnityEditor.WindowsStandalone.Extensions.dll
Registered in 0.003077 seconds.
Native extension for WindowsStandalone target not found
Refreshing native plugins compatible for Editor in 31.16 ms, found 0 plugins.
Preloading 0 native plugins for Editor in 0.00 ms.
Mono: successfully reloaded assembly
- Completed reload, in  2.643 seconds
Platform modules already initialized, skipping
Registering precompiled user dll's ...
Registered in 0.002308 seconds.
Begin MonoManager ReloadAssembly
Native extension for WindowsStandalone target not found
Refreshing native plugins compatible for Editor in 0.40 ms, found 0 plugins.
Preloading 0 native plugins for Editor in 0.00 ms.
Mono: successfully reloaded assembly
- Completed reload, in  1.717 seconds
Platform modules already initialized, skipping
========================================================================
Worker process is ready to serve import requests
Launched and connected shader compiler UnityShaderCompiler.exe after 0.46 seconds
Refreshing native plugins compatible for Editor in 0.21 ms, found 0 plugins.
Preloading 0 native plugins for Editor in 0.00 ms.
Unloading 1118 Unused Serialized files (Serialized files now loaded: 0)
System memory in use before: 57.1 MB.
System memory in use after: 57.2 MB.

Unloading 9 unused Assets to reduce memory usage. Loaded Objects now: 1561.
Total: 221.841700 ms (FindLiveObjects: 0.316000 ms CreateObjectMapping: 0.048100 ms MarkObjects: 221.139600 ms  DeleteObjects: 0.328500 ms)

========================================================================
Received Import Request.
  path: Assets/colorRandom.compute
  artifactKey: Guid(a6e9f4e35e910ea4cb331a8507352442) Importer(815301076,1909f56bfc062723c751e8b465ee728b)
Start importing Assets/colorRandom.compute using Guid(a6e9f4e35e910ea4cb331a8507352442) Importer(815301076,1909f56bfc062723c751e8b465ee728b)  -> (artifact id: '448e9a25dccd1a3bff933e3ddf62b9b5') in 0.519695 seconds
  Import took 0.536939 seconds .

========================================================================
Received Import Request.
  Time since last request: 0.000541 seconds.
  path: Assets/cube.prefab
  artifactKey: Guid(3635c2cbe1045704fb60dbd45746f254) Importer(815301076,1909f56bfc062723c751e8b465ee728b)
Start importing Assets/cube.prefab using Guid(3635c2cbe1045704fb60dbd45746f254) Importer(815301076,1909f56bfc062723c751e8b465ee728b)  -> (artifact id: '3935dbc00058112f7351c9791a150ef0') in 2.131821 seconds
  Import took 2.134556 seconds .

========================================================================
Received Import Request.
  Time since last request: 0.000396 seconds.
  path: Assets/textureFillCS.compute
  artifactKey: Guid(87a18d4ead2043f469dafb7b346387e5) Importer(815301076,1909f56bfc062723c751e8b465ee728b)
Start importing Assets/textureFillCS.compute using Guid(87a18d4ead2043f469dafb7b346387e5) Importer(815301076,1909f56bfc062723c751e8b465ee728b)  -> (artifact id: '7b6073144dab7c2d9b8cce627ab7c9b3') in 0.005531 seconds
  Import took 0.009117 seconds .

========================================================================
Received Prepare
Registering precompiled user dll's ...
Registered in 0.001798 seconds.
Begin MonoManager ReloadAssembly
Native extension for WindowsStandalone target not found
Refreshing native plugins compatible for Editor in 0.94 ms, found 0 plugins.
Preloading 0 native plugins for Editor in 0.00 ms.
Mono: successfully reloaded assembly
- Completed reload, in  1.986 seconds
Platform modules already initialized, skipping
Refreshing native plugins compatible for Editor in 0.40 ms, found 0 plugins.
Preloading 0 native plugins for Editor in 0.00 ms.
Unloading 1112 Unused Serialized files (Serialized files now loaded: 0)
System memory in use before: 60.1 MB.
System memory in use after: 60.2 MB.

Unloading 5 unused Assets to reduce memory usage. Loaded Objects now: 1572.
Total: 3.363000 ms (FindLiveObjects: 0.318900 ms CreateObjectMapping: 0.057600 ms MarkObjects: 2.959400 ms  DeleteObjects: 0.025200 ms)

========================================================================
Received Import Request.
  Time since last request: 150.805459 seconds.
  path: Assets/Scenes/SampleScene.unity
  artifactKey: Guid(9fc0d4010bbf28b4594072e72b8655ab) Importer(815301076,1909f56bfc062723c751e8b465ee728b)
Start importing Assets/Scenes/SampleScene.unity using Guid(9fc0d4010bbf28b4594072e72b8655ab) Importer(815301076,1909f56bfc062723c751e8b465ee728b)  -> (artifact id: 'a7b66975cf96f5f9b8626e901ab5b44d') in 0.024097 seconds
  Import took 0.026780 seconds .

========================================================================
Received Prepare
Registering precompiled user dll's ...
Registered in 0.099971 seconds.
Begin MonoManager ReloadAssembly
Native extension for WindowsStandalone target not found
Refreshing native plugins compatible for Editor in 0.57 ms, found 0 plugins.
Preloading 0 native plugins for Editor in 0.00 ms.
Mono: successfully reloaded assembly
- Completed reload, in  4.960 seconds
Platform modules already initialized, skipping
Refreshing native plugins compatible for Editor in 0.34 ms, found 0 plugins.
Preloading 0 native plugins for Editor in 0.00 ms.
Unloading 1112 Unused Serialized files (Serialized files now loaded: 0)
System memory in use before: 60.1 MB.
System memory in use after: 60.2 MB.

Unloading 4 unused Assets to reduce memory usage. Loaded Objects now: 1575.
Total: 5.449200 ms (FindLiveObjects: 1.270500 ms CreateObjectMapping: 0.114900 ms MarkObjects: 4.024300 ms  DeleteObjects: 0.035400 ms)

========================================================================
Received Prepare
Registering precompiled user dll's ...
Registered in 0.001400 seconds.
Begin MonoManager ReloadAssembly
Native extension for WindowsStandalone target not found
Refreshing native plugins compatible for Editor in 0.48 ms, found 0 plugins.
Preloading 0 native plugins for Editor in 0.00 ms.
Mono: successfully reloaded assembly
- Completed reload, in  2.788 seconds
Platform modules already initialized, skipping
Refreshing native plugins compatible for Editor in 0.33 ms, found 0 plugins.
Preloading 0 native plugins for Editor in 0.00 ms.
Unloading 1113 Unused Serialized files (Serialized files now loaded: 0)
System memory in use before: 60.1 MB.
System memory in use after: 60.2 MB.

Unloading 4 unused Assets to reduce memory usage. Loaded Objects now: 1579.
Total: 3.380200 ms (FindLiveObjects: 0.333700 ms CreateObjectMapping: 0.070100 ms MarkObjects: 2.930400 ms  DeleteObjects: 0.043200 ms)

========================================================================
Received Prepare
Registering precompiled user dll's ...
Registered in 0.001740 seconds.
Begin MonoManager ReloadAssembly
Native extension for WindowsStandalone target not found
Refreshing native plugins compatible for Editor in 0.25 ms, found 0 plugins.
Preloading 0 native plugins for Editor in 0.00 ms.
Mono: successfully reloaded assembly
- Completed reload, in  1.931 seconds
Platform modules already initialized, skipping
Refreshing native plugins compatible for Editor in 0.28 ms, found 0 plugins.
Preloading 0 native plugins for Editor in 0.00 ms.
Unloading 1113 Unused Serialized files (Serialized files now loaded: 0)
System memory in use before: 60.1 MB.
System memory in use after: 60.2 MB.

Unloading 4 unused Assets to reduce memory usage. Loaded Objects now: 1582.
Total: 2.434600 ms (FindLiveObjects: 0.172600 ms CreateObjectMapping: 0.040300 ms MarkObjects: 2.199200 ms  DeleteObjects: 0.021100 ms)

========================================================================
Received Import Request.
  Time since last request: 3711.339152 seconds.
  path: Assets/Scenes
  artifactKey: Guid(3abb05581e851b14cb74593def319228) Importer(815301076,1909f56bfc062723c751e8b465ee728b)
Start importing Assets/Scenes using Guid(3abb05581e851b14cb74593def319228) Importer(815301076,1909f56bfc062723c751e8b465ee728b)  -> (artifact id: '20cee247e89d2f4d36c942608b26b66c') in 0.039655 seconds
  Import took 0.045570 seconds .

========================================================================
Received Import Request.
  Time since last request: 0.001918 seconds.
  path: Assets/Scenes
  artifactKey: Guid(3abb05581e851b14cb74593def319228) Importer(815301076,1909f56bfc062723c751e8b465ee728b)
Start importing Assets/Scenes using Guid(3abb05581e851b14cb74593def319228) Importer(815301076,1909f56bfc062723c751e8b465ee728b)  -> (artifact id: '20cee247e89d2f4d36c942608b26b66c') in 0.006541 seconds
  Import took 0.028896 seconds .

========================================================================
Received Import Request.
  Time since last request: 106.973842 seconds.
  path: Assets/Cube.prefab
  artifactKey: Guid(3635c2cbe1045704fb60dbd45746f254) Importer(815301076,1909f56bfc062723c751e8b465ee728b)
Start importing Assets/Cube.prefab using Guid(3635c2cbe1045704fb60dbd45746f254) Importer(815301076,1909f56bfc062723c751e8b465ee728b)  -> (artifact id: 'efe900355af4abbdde3ecf6511283295') in 0.266983 seconds
  Import took 0.274789 seconds .

========================================================================
Received Import Request.
  Time since last request: 55.962656 seconds.
  path: Assets/cube.prefab
  artifactKey: Guid(3635c2cbe1045704fb60dbd45746f254) Importer(815301076,1909f56bfc062723c751e8b465ee728b)
Start importing Assets/cube.prefab using Guid(3635c2cbe1045704fb60dbd45746f254) Importer(815301076,1909f56bfc062723c751e8b465ee728b)  -> (artifact id: 'aeb4d2cc360ba873667f1c17adc1c96b') in 0.030181 seconds
  Import took 0.037912 seconds .

========================================================================
Received Import Request.
  Time since last request: 0.010281 seconds.
  path: Assets/cube.prefab
  artifactKey: Guid(3635c2cbe1045704fb60dbd45746f254) Importer(815301076,1909f56bfc062723c751e8b465ee728b)
Start importing Assets/cube.prefab using Guid(3635c2cbe1045704fb60dbd45746f254) Importer(815301076,1909f56bfc062723c751e8b465ee728b)  -> (artifact id: 'aeb4d2cc360ba873667f1c17adc1c96b') in 0.019095 seconds
  Import took 0.027980 seconds .

========================================================================
Received Prepare
Registering precompiled user dll's ...
Registered in 0.001487 seconds.
Begin MonoManager ReloadAssembly
Native extension for WindowsStandalone target not found
Refreshing native plugins compatible for Editor in 0.22 ms, found 0 plugins.
Preloading 0 native plugins for Editor in 0.00 ms.
Mono: successfully reloaded assembly
- Completed reload, in  1.218 seconds
Platform modules already initialized, skipping
Refreshing native plugins compatible for Editor in 0.25 ms, found 0 plugins.
Preloading 0 native plugins for Editor in 0.00 ms.
Unloading 1112 Unused Serialized files (Serialized files now loaded: 0)
System memory in use before: 60.1 MB.
System memory in use after: 60.2 MB.

Unloading 6 unused Assets to reduce memory usage. Loaded Objects now: 1585.
Total: 1.973500 ms (FindLiveObjects: 0.158800 ms CreateObjectMapping: 0.033100 ms MarkObjects: 1.755700 ms  DeleteObjects: 0.024900 ms)

========================================================================
Received Prepare
Registering precompiled user dll's ...
Registered in 0.002077 seconds.
Begin MonoManager ReloadAssembly
Native extension for WindowsStandalone target not found
Refreshing native plugins compatible for Editor in 0.43 ms, found 0 plugins.
Preloading 0 native plugins for Editor in 0.00 ms.
Mono: successfully reloaded assembly
- Completed reload, in  2.337 seconds
Platform modules already initialized, skipping
Refreshing native plugins compatible for Editor in 1.14 ms, found 0 plugins.
Preloading 0 native plugins for Editor in 0.00 ms.
Unloading 1112 Unused Serialized files (Serialized files now loaded: 0)
System memory in use before: 60.1 MB.
System memory in use after: 60.2 MB.

Unloading 4 unused Assets to reduce memory usage. Loaded Objects now: 1588.
Total: 5.572900 ms (FindLiveObjects: 0.414900 ms CreateObjectMapping: 0.124600 ms MarkObjects: 5.004800 ms  DeleteObjects: 0.026400 ms)

========================================================================
Received Import Request.
  Time since last request: 227.786955 seconds.
  path: Assets/cubeMaterial.mat
  artifactKey: Guid(618b390b7696ce841b9caebd31cffccc) Importer(815301076,1909f56bfc062723c751e8b465ee728b)
Start importing Assets/cubeMaterial.mat using Guid(618b390b7696ce841b9caebd31cffccc) Importer(815301076,1909f56bfc062723c751e8b465ee728b)  -> (artifact id: '3f29742a3c4bb569a763448871d06388') in 2.824223 seconds
  Import took 2.828798 seconds .

========================================================================
Received Import Request.
  Time since last request: 10.455145 seconds.
  path: Assets/cube.prefab
  artifactKey: Guid(3635c2cbe1045704fb60dbd45746f254) Importer(815301076,1909f56bfc062723c751e8b465ee728b)
Start importing Assets/cube.prefab using Guid(3635c2cbe1045704fb60dbd45746f254) Importer(815301076,1909f56bfc062723c751e8b465ee728b)  -> (artifact id: '834d7fa6fe4cc2e7cea0757d372cc76f') in 0.093588 seconds
  Import took 0.098924 seconds .

========================================================================
Received Import Request.
  Time since last request: 0.027988 seconds.
  path: Assets/cube.prefab
  artifactKey: Guid(3635c2cbe1045704fb60dbd45746f254) Importer(815301076,1909f56bfc062723c751e8b465ee728b)
Start importing Assets/cube.prefab using Guid(3635c2cbe1045704fb60dbd45746f254) Importer(815301076,1909f56bfc062723c751e8b465ee728b)  -> (artifact id: '834d7fa6fe4cc2e7cea0757d372cc76f') in 0.026009 seconds
  Import took 0.031026 seconds .

========================================================================
Received Prepare
Registering precompiled user dll's ...
Registered in 0.001016 seconds.
Begin MonoManager ReloadAssembly
Native extension for WindowsStandalone target not found
Refreshing native plugins compatible for Editor in 0.22 ms, found 0 plugins.
Preloading 0 native plugins for Editor in 0.00 ms.
Mono: successfully reloaded assembly
- Completed reload, in  1.121 seconds
Platform modules already initialized, skipping
Refreshing native plugins compatible for Editor in 0.37 ms, found 0 plugins.
Preloading 0 native plugins for Editor in 0.00 ms.
Unloading 1112 Unused Serialized files (Serialized files now loaded: 0)
System memory in use before: 60.4 MB.
System memory in use after: 60.5 MB.

Unloading 4 unused Assets to reduce memory usage. Loaded Objects now: 1625.
Total: 2.117300 ms (FindLiveObjects: 0.151400 ms CreateObjectMapping: 0.034200 ms MarkObjects: 1.911700 ms  DeleteObjects: 0.018300 ms)

========================================================================
Received Prepare
Registering precompiled user dll's ...
Registered in 0.002047 seconds.
Begin MonoManager ReloadAssembly
Native extension for WindowsStandalone target not found
Refreshing native plugins compatible for Editor in 0.26 ms, found 0 plugins.
Preloading 0 native plugins for Editor in 0.00 ms.
Mono: successfully reloaded assembly
- Completed reload, in  1.482 seconds
Platform modules already initialized, skipping
Refreshing native plugins compatible for Editor in 0.26 ms, found 0 plugins.
Preloading 0 native plugins for Editor in 0.00 ms.
Unloading 1112 Unused Serialized files (Serialized files now loaded: 0)
System memory in use before: 60.4 MB.
System memory in use after: 60.5 MB.

Unloading 4 unused Assets to reduce memory usage. Loaded Objects now: 1628.
Total: 2.392800 ms (FindLiveObjects: 0.314700 ms CreateObjectMapping: 0.064400 ms MarkObjects: 1.989000 ms  DeleteObjects: 0.022000 ms)

========================================================================
Received Prepare
Registering precompiled user dll's ...
Registered in 0.001279 seconds.
Begin MonoManager ReloadAssembly
Native extension for WindowsStandalone target not found
Refreshing native plugins compatible for Editor in 0.57 ms, found 0 plugins.
Preloading 0 native plugins for Editor in 0.00 ms.
Mono: successfully reloaded assembly
- Completed reload, in  2.020 seconds
Platform modules already initialized, skipping
Refreshing native plugins compatible for Editor in 0.24 ms, found 0 plugins.
Preloading 0 native plugins for Editor in 0.00 ms.
Unloading 1112 Unused Serialized files (Serialized files now loaded: 0)
System memory in use before: 60.4 MB.
System memory in use after: 60.5 MB.

Unloading 4 unused Assets to reduce memory usage. Loaded Objects now: 1631.
Total: 2.382100 ms (FindLiveObjects: 0.191700 ms CreateObjectMapping: 0.043600 ms MarkObjects: 2.124800 ms  DeleteObjects: 0.020400 ms)

========================================================================
Received Prepare
Registering precompiled user dll's ...
Registered in 0.001668 seconds.
Begin MonoManager ReloadAssembly
Native extension for WindowsStandalone target not found
Refreshing native plugins compatible for Editor in 0.44 ms, found 0 plugins.
Preloading 0 native plugins for Editor in 0.00 ms.
Mono: successfully reloaded assembly
- Completed reload, in  2.394 seconds
Platform modules already initialized, skipping
Refreshing native plugins compatible for Editor in 0.42 ms, found 0 plugins.
Preloading 0 native plugins for Editor in 0.00 ms.
Unloading 1112 Unused Serialized files (Serialized files now loaded: 0)
System memory in use before: 60.4 MB.
System memory in use after: 60.5 MB.

Unloading 4 unused Assets to reduce memory usage. Loaded Objects now: 1634.
Total: 3.239500 ms (FindLiveObjects: 0.222700 ms CreateObjectMapping: 0.466400 ms MarkObjects: 2.519700 ms  DeleteObjects: 0.028800 ms)

========================================================================
Received Prepare
Registering precompiled user dll's ...
Registered in 0.002198 seconds.
Begin MonoManager ReloadAssembly
Native extension for WindowsStandalone target not found
Refreshing native plugins compatible for Editor in 0.48 ms, found 0 plugins.
Preloading 0 native plugins for Editor in 0.00 ms.
Mono: successfully reloaded assembly
- Completed reload, in  2.843 seconds
Platform modules already initialized, skipping
Refreshing native plugins compatible for Editor in 0.60 ms, found 0 plugins.
Preloading 0 native plugins for Editor in 0.00 ms.
Unloading 1112 Unused Serialized files (Serialized files now loaded: 0)
System memory in use before: 60.4 MB.
System memory in use after: 60.5 MB.

Unloading 4 unused Assets to reduce memory usage. Loaded Objects now: 1637.
Total: 4.751000 ms (FindLiveObjects: 0.369500 ms CreateObjectMapping: 0.102400 ms MarkObjects: 4.194400 ms  DeleteObjects: 0.082100 ms)

========================================================================
Received Prepare
Registering precompiled user dll's ...
Registered in 0.001877 seconds.
Begin MonoManager ReloadAssembly
Native extension for WindowsStandalone target not found
Refreshing native plugins compatible for Editor in 2.82 ms, found 0 plugins.
Preloading 0 native plugins for Editor in 0.00 ms.
Mono: successfully reloaded assembly
- Completed reload, in  2.078 seconds
Platform modules already initialized, skipping
Refreshing native plugins compatible for Editor in 0.50 ms, found 0 plugins.
Preloading 0 native plugins for Editor in 0.00 ms.
Unloading 1112 Unused Serialized files (Serialized files now loaded: 0)
System memory in use before: 60.4 MB.
System memory in use after: 60.5 MB.

Unloading 4 unused Assets to reduce memory usage. Loaded Objects now: 1640.
Total: 4.195900 ms (FindLiveObjects: 0.214800 ms CreateObjectMapping: 0.055700 ms MarkObjects: 3.896200 ms  DeleteObjects: 0.026700 ms)

========================================================================
Received Prepare
Registering precompiled user dll's ...
Registered in 0.001074 seconds.
Begin MonoManager ReloadAssembly
Native extension for WindowsStandalone target not found
Refreshing native plugins compatible for Editor in 0.28 ms, found 0 plugins.
Preloading 0 native plugins for Editor in 0.00 ms.
Mono: successfully reloaded assembly
- Completed reload, in  1.195 seconds
Platform modules already initialized, skipping
Refreshing native plugins compatible for Editor in 0.25 ms, found 0 plugins.
Preloading 0 native plugins for Editor in 0.00 ms.
Unloading 1112 Unused Serialized files (Serialized files now loaded: 0)
System memory in use before: 60.4 MB.
System memory in use after: 60.5 MB.

Unloading 4 unused Assets to reduce memory usage. Loaded Objects now: 1643.
Total: 1.937100 ms (FindLiveObjects: 0.136400 ms CreateObjectMapping: 0.036700 ms MarkObjects: 1.745200 ms  DeleteObjects: 0.017400 ms)

========================================================================
Received Prepare
Registering precompiled user dll's ...
Registered in 0.001194 seconds.
Begin MonoManager ReloadAssembly
Native extension for WindowsStandalone target not found
Refreshing native plugins compatible for Editor in 0.22 ms, found 0 plugins.
Preloading 0 native plugins for Editor in 0.00 ms.
Mono: successfully reloaded assembly
- Completed reload, in  1.046 seconds
Platform modules already initialized, skipping
Refreshing native plugins compatible for Editor in 0.22 ms, found 0 plugins.
Preloading 0 native plugins for Editor in 0.00 ms.
Unloading 1112 Unused Serialized files (Serialized files now loaded: 0)
System memory in use before: 60.4 MB.
System memory in use after: 60.5 MB.

Unloading 4 unused Assets to reduce memory usage. Loaded Objects now: 1646.
Total: 2.018900 ms (FindLiveObjects: 0.187700 ms CreateObjectMapping: 0.038200 ms MarkObjects: 1.772700 ms  DeleteObjects: 0.019100 ms)

========================================================================
Received Prepare
Registering precompiled user dll's ...
Registered in 0.002358 seconds.
Begin MonoManager ReloadAssembly
Native extension for WindowsStandalone target not found
Refreshing native plugins compatible for Editor in 0.26 ms, found 0 plugins.
Preloading 0 native plugins for Editor in 0.00 ms.
Mono: successfully reloaded assembly
- Completed reload, in  4.436 seconds
Platform modules already initialized, skipping
Refreshing native plugins compatible for Editor in 0.24 ms, found 0 plugins.
Preloading 0 native plugins for Editor in 0.00 ms.
Unloading 1112 Unused Serialized files (Serialized files now loaded: 0)
System memory in use before: 60.4 MB.
System memory in use after: 60.5 MB.

Unloading 4 unused Assets to reduce memory usage. Loaded Objects now: 1649.
Total: 2.107900 ms (FindLiveObjects: 0.162400 ms CreateObjectMapping: 0.053500 ms MarkObjects: 1.871700 ms  DeleteObjects: 0.019200 ms)

========================================================================
Received Prepare
Registering precompiled user dll's ...
Registered in 0.001284 seconds.
Begin MonoManager ReloadAssembly
Native extension for WindowsStandalone target not found
Refreshing native plugins compatible for Editor in 0.37 ms, found 0 plugins.
Preloading 0 native plugins for Editor in 0.00 ms.
Mono: successfully reloaded assembly
- Completed reload, in  3.224 seconds
Platform modules already initialized, skipping
Refreshing native plugins compatible for Editor in 1.48 ms, found 0 plugins.
Preloading 0 native plugins for Editor in 0.00 ms.
Unloading 1112 Unused Serialized files (Serialized files now loaded: 0)
System memory in use before: 60.4 MB.
System memory in use after: 60.5 MB.

Unloading 4 unused Assets to reduce memory usage. Loaded Objects now: 1652.
Total: 6.074000 ms (FindLiveObjects: 0.239200 ms CreateObjectMapping: 0.076200 ms MarkObjects: 5.729600 ms  DeleteObjects: 0.027000 ms)

========================================================================
Received Prepare
Registering precompiled user dll's ...
Registered in 0.001688 seconds.
Begin MonoManager ReloadAssembly
Native extension for WindowsStandalone target not found
Refreshing native plugins compatible for Editor in 0.49 ms, found 0 plugins.
Preloading 0 native plugins for Editor in 0.00 ms.
Mono: successfully reloaded assembly
- Completed reload, in  3.580 seconds
Platform modules already initialized, skipping
Refreshing native plugins compatible for Editor in 0.41 ms, found 0 plugins.
Preloading 0 native plugins for Editor in 0.00 ms.
Unloading 1112 Unused Serialized files (Serialized files now loaded: 0)
System memory in use before: 60.4 MB.
System memory in use after: 60.5 MB.

Unloading 4 unused Assets to reduce memory usage. Loaded Objects now: 1655.
Total: 4.983700 ms (FindLiveObjects: 0.609200 ms CreateObjectMapping: 0.273100 ms MarkObjects: 4.073300 ms  DeleteObjects: 0.025800 ms)

